"../../../../../UE4-Arcade/Content/Material/Post_Proces/LoSVisionTarget.uasset" 0
"../../../../../UE4-Arcade/Content/Material/Meshes/Ship_Location.uasset" 1
"../../../../../UE4-Arcade/Content/BP/SHIP/T_Water_M.uasset" 2
"../../../../../UE4-Arcade/Content/BP/SHIP/M_Dash.uasset" 3
"../../../../../UE4-Arcade/Content/BP/SHIP/M_Dash_Inst.uasset" 4
"../../../Engine/Content/EngineResources/WireframeTexture.uasset" 5
"../../../../../UE4-Arcade/Content/Material/Recover_Ship.uasset" 6
"../../../Engine/Content/Functions/Engine_MaterialFunctions02/ExampleContent/Textures/WindTurblenceVectorAndGustMagnitude.uasset" 7
"../../../Engine/Content/Functions/Engine_MaterialFunctions02/ExampleContent/PivotPainter2/test2_rgb_PivotPos_a_ParentIndexInt_UV_2.uasset" 8
"../../../Engine/Content/Functions/Engine_MaterialFunctions02/ExampleContent/PivotPainter2/SimpExPivPos.uasset" 9
"../../../Engine/Content/Functions/Engine_MaterialFunctions02/ExampleContent/PivotPainter2/PP2_rgb_XVect_a_XExtent.uasset" 10
"../../../Engine/Content/Functions/Engine_MaterialFunctions02/Utility/MakeFloat2.uasset" 11
"../../../Engine/Content/Functions/Engine_MaterialFunctions02/Utility/BreakOutFloat2Components.uasset" 12
"../../../Engine/Content/Functions/Engine_MaterialFunctions02/PivotPainter2/2dArrayLookupByIndex.uasset" 13
"../../../Engine/Content/Functions/Engine_MaterialFunctions02/PivotPainter2/ms_PivotPainter2_ReturnParentTextureInfo.uasset" 14
"../../../Engine/Content/Functions/Engine_MaterialFunctions02/PivotPainter2/ms_PivotPainter2_DecodePostion.uasset" 15
"../../../Engine/Content/Functions/Engine_MaterialFunctions02/PivotPainter2/ms_PivotPainter2_DecodeAxisVector.uasset" 16
"../../../Engine/Content/Functions/Engine_MaterialFunctions02/PivotPainter2/ms_PivotPainter2_Decode8BitAlphaAxisExtent.uasset" 17
"../../../Engine/Content/Functions/Engine_MaterialFunctions02/ms_PivotPainter2_UnpackIntegerAsFloat.uasset" 18
"../../../Engine/Content/Functions/Engine_MaterialFunctions02/FixRotateAboutAxisNormals.uasset" 19
"../../../Engine/Content/Functions/Engine_MaterialFunctions02/Utility/VectorLength.uasset" 20
"../../../Engine/Content/Functions/Engine_MaterialFunctions02/WorldPositionOffset/ObjectScale.uasset" 21
"../../../Engine/Content/Functions/Engine_MaterialFunctions02/PivotPainter2/PivotPainter2FoliageAnimation.uasset" 22
"../../../Engine/Content/Functions/Engine_MaterialFunctions02/PivotPainter2/ms_PivotPainter2_CalculateMeshElementIndex.uasset" 23
"../../../Engine/Content/Functions/Engine_MaterialFunctions02/Math/TimeWithSpeedVariable.uasset" 24
"../../../Engine/Content/Functions/Engine_MaterialFunctions02/Lerp_Multiple_Float2.uasset" 25
"../../../Engine/Content/Functions/Engine_MaterialFunctions02/PivotPainter2/PivotPainter2FoliageShader.uasset" 26
"../../../../../UE4-Arcade/Content/Material/Meshes/SimplePivotPainterExampleMat.uasset" 27
"../../../Engine/Content/EditorBlueprintResources/StandardMacros.uasset" 28
"../../../../../UE4-Arcade/Content/Material/Projectail/M_Projectail1.uasset" 29
"../../../Engine/Content/EngineMeshes/Sphere.uasset" 30
"../../../../../UE4-Arcade/Content/MobileStarterContent/Particles/Materials/m_flare_01.uasset" 31
"../../../../../UE4-Arcade/Content/MobileStarterContent/Textures/T_Burst_M.uasset" 32
"../../../../../UE4-Arcade/Content/MobileStarterContent/Particles/Materials/M_Burst.uasset" 33
"../../../../../UE4-Arcade/Content/Assets/Particles/P_StartFire.uasset" 34
"../../../../../UE4-Arcade/Content/BP/Projectaile/BP_Projectail1.uasset" 35
"../../../../../UE4-Arcade/Content/Material/Projectail/M_Projectail.uasset" 36
"../../../../../UE4-Arcade/Content/BP/Projectaile/BP_Projectail.uasset" 37
"../../../../../UE4-Arcade/Content/Material/Meshes/TwinStickUFO.uasset" 38
"../../../Engine/Content/Functions/Engine_MaterialFunctions01/Gradient/RadialGradient.uasset" 39
"../../../../../UE4-Arcade/Content/MobileStarterContent/Particles/Materials/M_radial_ramp.uasset" 40
"../../../../../UE4-Arcade/Content/MobileStarterContent/Textures/T_Explosion_SubUV.uasset" 41
"../../../../../UE4-Arcade/Content/MobileStarterContent/Particles/Materials/M_explosion_subUV.uasset" 42
"../../../../../UE4-Arcade/Content/Assets/Particles/P_Explosion.uasset" 43
"../../../../../UE4-Arcade/Content/Assets/Particles/m_flare_01.uasset" 44
"../../../../../UE4-Arcade/Content/Assets/Particles/P_Engine_Fire.uasset" 45
"../../../../../UE4-Arcade/Content/Assets/Audio/Fire/PlayerFire2.uasset" 46
"../../../../../UE4-Arcade/Content/Assets/Audio/Fire/PlayerFire.uasset" 47
"../../../../../UE4-Arcade/Content/Assets/Audio/Fire/Player.uasset" 48
"../../../../../UE4-Arcade/Content/Assets/Audio/Bonus/Teleport_Mode_Entered.uasset" 49
"../../../../../UE4-Arcade/Content/Assets/Audio/Explosion02.uasset" 50
"../../../../../UE4-Arcade/Content/Assets/Audio/CompileFailed.uasset" 51
"../../../../../UE4-Arcade/Content/Assets/Audio/CompileSuccess.uasset" 52
"../../../../../UE4-Arcade/Content/BP/SHIP/BP_Ship.uasset" 53
"../../../../../UE4-Arcade/Content/MobileStarterContent/Textures/T_Metal_Gold_N.uasset" 54
"../../../../../UE4-Arcade/Content/MobileStarterContent/Textures/T_Metal_Gold_D.uasset" 55
"../../../Engine/Content/Functions/Engine_MaterialFunctions02/Texturing/CustomRotator.uasset" 56
"../../../../../UE4-Arcade/Content/Material/Gold/M_Metal_Gold.uasset" 57
"../../../Engine/Content/EngineMaterials/T_Default_Material_Grid_N.uasset" 58
"../../../Engine/Content/EngineMaterials/T_Default_Material_Grid_M.uasset" 59
"../../../Engine/Content/Functions/Engine_MaterialFunctions01/Opacity/CameraDepthFade.uasset" 60
"../../../Engine/Content/EngineMaterials/DefaultMaterial.uasset" 61
"../../../Engine/Content/BasicShapes/Cylinder.uasset" 62
"../../../../../UE4-Arcade/Content/Assets/Particles/P_BonusCollected.uasset" 63
"../../../../../UE4-Arcade/Content/Assets/Audio/Bonus/EndSimulate.uasset" 64
"../../../../../UE4-Arcade/Content/BP/Bonuses/BP_BonusPoints1.uasset" 65
"../../../Engine/Content/BasicShapes/BasicShapeMaterial.uasset" 66
"../../../../../UE4-Arcade/Content/Texture/T_Rock_Basalt_N.uasset" 67
"../../../../../UE4-Arcade/Content/BP/Bonuses/AlcoBonus/Alco_Mat.uasset" 68
"../../../../../UE4-Arcade/Content/BP/Bonuses/AlcoBonus/Alco_Mat_Inst.uasset" 69
"../../../Engine/Content/BasicShapes/Cone.uasset" 70
"../../../../../UE4-Arcade/Content/BP/Bonuses/AlcoBonus/Bonus_Time.uasset" 71
"../../../../../UE4-Arcade/Content/Material/Meshes/Ghost_Mat.uasset" 72
"../../../Engine/Content/BasicShapes/Sphere.uasset" 73
"../../../../../UE4-Arcade/Content/Material/M_Point2.uasset" 74
"../../../../../UE4-Arcade/Content/Assets/Audio/Bonus/StartSimulate.uasset" 75
"../../../../../UE4-Arcade/Content/BP/Bonuses/BP_Bonus_Shoot.uasset" 76
"../../../../../UE4-Arcade/Content/Material/M_Point.uasset" 77
"../../../../../UE4-Arcade/Content/BP/Bonuses/BP_BonusPoints.uasset" 78
"../../../../../UE4-Arcade/Content/BP/Enemies/BP_Enemy_Pawn1.uasset" 79
"../../../Engine/Content/EngineMaterials/WorldGridMaterial.uasset" 80
"../../../../../UE4-Arcade/Content/Material/Meshes/ms.uasset" 81
"../../../../../UE4-Arcade/Content/Material/Meshes/Yellow_Mat.uasset" 82
"../../../../../UE4-Arcade/Content/Material/Projectail/M_Projectail2.uasset" 83
"../../../../../UE4-Arcade/Content/BP/Projectaile/BP_Projectail2.uasset" 84
"../../../../../UE4-Arcade/Content/Material/M_Point1.uasset" 85
"../../../Engine/Content/Functions/Engine_MaterialFunctions02/Utility/CameraDirectionVector.uasset" 86
"../../../../../UE4-Arcade/Content/Material/MShield.uasset" 87
"../../../../../UE4-Arcade/Content/BP/SHIP/BP_Ship_Shield.uasset" 88
"../../../../../UE4-Arcade/Content/Assets/Audio/Bonus/StartPlayInEditor.uasset" 89
"../../../../../UE4-Arcade/Content/BP/Bonuses/BP_Bonus_SHIELD.uasset" 90
"../../../../../UE4-Arcade/Content/Assets/Audio/Fire/EnemyFire.uasset" 91
"../../../../../UE4-Arcade/Content/Assets/Audio/Explosion01.uasset" 92
"../../../../../UE4-Arcade/Content/BP/Enemies/BP_Enemy_Pawn.uasset" 93
"../../../../../UE4-Arcade/Content/BP/BPArcade_GameInstance.uasset" 94
"../../../../../UE4-Arcade/Content/BP/HUD/PauseMenu/W_PauseMenu.uasset" 95
"../../../../../UE4-Arcade/Content/BP/Save/BP_SaveGame.uasset" 96
"../../../../../UE4-Arcade/Content/BP/HUD/GameOver/WGame_over.uasset" 97
"../../../../../UE4-Arcade/Content/Assets/UI/VRText_RobotoLarge.uasset" 98
"../../../../../UE4-Arcade/Content/Assets/UI/pause-button.uasset" 99
"../../../../../UE4-Arcade/Content/Assets/UI/LIVE.uasset" 100
"../../../../../UE4-Arcade/Content/Assets/UI/dash.uasset" 101
"../../../../../UE4-Arcade/Content/BP/HUD/BP_GameHUD.uasset" 102
"../../../Engine/Content/BasicShapes/Cube.uasset" 103
"../../../../../UE4-Arcade/Content/BP/Enemies/Meteor-Teleport/Level_List.uasset" 104
"../../../../../UE4-Arcade/Content/BP/Bonuses/BP_TeleportPoints.uasset" 105
"../../../../../UE4-Arcade/Content/MobileStarterContent/Textures/T_RockMesh_N.uasset" 106
"../../../../../UE4-Arcade/Content/MobileStarterContent/Textures/T_RockMesh_M.uasset" 107
"../../../../../UE4-Arcade/Content/Texture/T_Rock_Basalt_D.uasset" 108
"../../../../../UE4-Arcade/Content/MobileStarterContent/Props/Materials/M_Rock.uasset" 109
"../../../../../UE4-Arcade/Content/BP/Enemies/Meteor-Teleport/SM_Rock.uasset" 110
"../../../../../UE4-Arcade/Content/Material/Meshes/M_Rock_Basalt.uasset" 111
"../../../../../UE4-Arcade/Content/BP/Enemies/Meteor-Teleport/BP_Meteor.uasset" 112
"../../../../../UE4-Arcade/Content/Material/Meshes/Blue_Mat.uasset" 113
"../../../../../UE4-Arcade/Content/Assets/Texture/fire-textures.uasset" 114
"../../../../../UE4-Arcade/Content/Material/Projectail/M_Projectail3.uasset" 115
"../../../Engine/Content/EngineMeshes/MaterialSphere.uasset" 116
"../../../../../UE4-Arcade/Content/Assets/Particles/P_Progectailil.uasset" 117
"../../../../../UE4-Arcade/Content/BP/Projectaile/BP_Projectail3.uasset" 118
"../../../../../UE4-Arcade/Content/BP/Enemies/BP_MiniBoss.uasset" 119
"../../../../../UE4-Arcade/Content/BP/BP_PlayerController.uasset" 120
"../../../../../UE4-Arcade/Content/BP/GameMode/BP_ArcadeGameModeBase.uasset" 121
"../../../../../UE4-Arcade/Content/BP/BP_ArcadeGameModeBase.uasset" 122
"../../../Engine/Content/Animation/DefaultAnimBoneCompressionSettings.uasset" 123
"../../../Engine/Content/Animation/DefaultAnimCurveCompressionSettings.uasset" 124
"../../../Engine/Content/ArtTools/RenderToTexture/Meshes/S_1_Unit_Plane.uasset" 125
"../../../Engine/Content/EditorLandscapeResources/DataLayer.uasset" 126
"../../../Engine/Content/EditorLandscapeResources/DefaultAlphaTexture.uasset" 127
"../../../Engine/Content/EditorMaterials/MAT_Groups_Toggle.uasset" 128
"../../../Engine/Content/EditorMaterials/MAT_Groups_Visibility.uasset" 129
"../../../Engine/Content/EditorMaterials/PreviewShadowIndicator.uasset" 130
"../../../Engine/Content/EditorMaterials/PreviewShadowIndicatorMaterial.uasset" 131
"../../../Engine/Content/EditorMaterials/MatineeGroups/MAT_ColorTrack.uasset" 132
"../../../Engine/Content/EditorMaterials/MatineeGroups/MAT_Groups_Anim.uasset" 133
"../../../Engine/Content/EditorMaterials/MatineeGroups/MAT_Groups_AudioMaster.uasset" 134
"../../../Engine/Content/EditorMaterials/MatineeGroups/MAT_Groups_Director.uasset" 135
"../../../Engine/Content/EditorMaterials/MatineeGroups/MAT_Groups_Event.uasset" 136
"../../../Engine/Content/EditorMaterials/MatineeGroups/MAT_Groups_Fade.uasset" 137
"../../../Engine/Content/EditorMaterials/MatineeGroups/MAT_Groups_Float.uasset" 138
"../../../Engine/Content/EditorMaterials/MatineeGroups/MAT_Groups_Move.uasset" 139
"../../../Engine/Content/EditorMaterials/MatineeGroups/MAT_Groups_Slomo.uasset" 140
"../../../Engine/Content/EditorMaterials/MatineeGroups/MAT_Groups_Sound.uasset" 141
"../../../Engine/Content/EditorMaterials/MatineeGroups/MAT_Groups_Vector.uasset" 142
"../../../Engine/Content/EditorMaterials/ParticleSystems/PSysThumbnail_NoImage.uasset" 143
"../../../Engine/Content/EditorMaterials/ParticleSystems/PSysThumbnail_OOD.uasset" 144
"../../../Engine/Content/EditorMaterials/Camera/CineMat.uasset" 145
"../../../Engine/Content/EditorMaterials/Camera/MI_CineMat_Rig.uasset" 146
"../../../Engine/Content/EditorMeshes/Camera/SM_CraneRig_Arm.uasset" 147
"../../../Engine/Content/EditorMeshes/Camera/SM_CraneRig_Base.uasset" 148
"../../../Engine/Content/EditorMeshes/Camera/SM_CraneRig_Body.uasset" 149
"../../../Engine/Content/EditorMeshes/Camera/SM_CraneRig_Mount.uasset" 150
"../../../Engine/Content/EditorMeshes/Camera/SM_RailRig_Mount.uasset" 151
"../../../Engine/Content/EditorMeshes/Camera/SM_RailRig_Track.uasset" 152
"../../../Engine/Content/EditorResources/BSPVertex.uasset" 153
"../../../Engine/Content/EditorResources/EmptyActor.uasset" 154
"../../../Engine/Content/EditorResources/S_Actor.uasset" 155
"../../../Engine/Content/EditorResources/S_Note.uasset" 156
"../../../Engine/Content/EditorResources/S_Solver.uasset" 157
"../../../Engine/Content/EditorResources/S_Terrain.uasset" 158
"../../../Engine/Content/EditorResources/S_Trigger.uasset" 159
"../../../Engine/Content/EditorResources/LightIcons/S_LightError.uasset" 160
"../../../Engine/Content/EditorResources/SequenceRecorder/Countdown.uasset" 161
"../../../Engine/Content/EditorResources/SequenceRecorder/RecordingIndicator.uasset" 162
"../../../Engine/Content/EngineDamageTypes/DmgTypeBP_Environmental.uasset" 163
"../../../Engine/Content/EngineDebugMaterials/DebugMeshMaterial.uasset" 164
"../../../Engine/Content/EngineDebugMaterials/M_SimpleUnlitTranslucent.uasset" 165
"../../../Engine/Content/EngineDebugMaterials/VolumeToRender.uasset" 166
"../../../Engine/Content/EngineDebugMaterials/M_VolumeRenderSphereTracePP.uasset" 167
"../../../Engine/Content/Functions/Engine_MaterialFunctions01/Shading/ConvertFromDiffSpec.uasset" 168
"../../../Engine/Content/EngineDebugMaterials/VertexColorMaterial.uasset" 169
"../../../Engine/Content/EngineDebugMaterials/WireframeMaterial.uasset" 170
"../../../Engine/Content/EngineFonts/Faces/RobotoRegular.uasset" 171
"../../../Engine/Content/EngineFonts/Faces/RobotoLight.uasset" 172
"../../../Engine/Content/EngineFonts/Faces/RobotoItalic.uasset" 173
"../../../Engine/Content/EngineFonts/Faces/RobotoBoldItalic.uasset" 174
"../../../Engine/Content/EngineFonts/Faces/RobotoBold.uasset" 175
"../../../Engine/Content/EngineFonts/Faces/DroidSansFallback.uasset" 176
"../../../Engine/Content/EngineFonts/Roboto.uasset" 177
"../../../Engine/Content/EngineMaterials/BaseFlattenNormalMap.uasset" 178
"../../../Engine/Content/EngineMaterials/BaseFlattenGrayscaleMap.uasset" 179
"../../../Engine/Content/EngineMaterials/BaseFlattenEmissiveMap.uasset" 180
"../../../Engine/Content/EngineMaterials/BaseFlattenDiffuseMap.uasset" 181
"../../../Engine/Content/EngineMaterials/BaseFlattenMaterial.uasset" 182
"../../../Engine/Content/EngineMaterials/BlueNoise.uasset" 183
"../../../Engine/Content/EngineMaterials/DefaultBloomKernel.uasset" 184
"../../../Engine/Content/EngineMaterials/DefaultBokeh.uasset" 185
"../../../Engine/Content/EngineMaterials/DefaultDiffuse.uasset" 186
"../../../Engine/Content/EngineMaterials/DefaultDeferredDecalMaterial.uasset" 187
"../../../Engine/Content/EngineMaterials/DefaultLightFunctionMaterial.uasset" 188
"../../../Engine/Content/EngineMaterials/DefaultPhysicalMaterial.uasset" 189
"../../../Engine/Content/EngineMaterials/DefaultPostProcessMaterial.uasset" 190
"../../../Engine/Content/EngineFonts/RobotoDistanceField.uasset" 191
"../../../Engine/Content/EngineMaterials/DefaultTextMaterialOpaque.uasset" 192
"../../../Engine/Content/EngineMaterials/DefaultWhiteGrid.uasset" 193
"../../../Engine/Content/EngineMaterials/DefaultWhiteGrid_Low.uasset" 194
"../../../Engine/Content/EngineMaterials/EmissiveMeshMaterial.uasset" 195
"../../../Engine/Content/EngineMaterials/GizmoMaterial.uasset" 196
"../../../Engine/Content/EngineMaterials/Good64x64TilingNoiseHighFreq.uasset" 197
"../../../Engine/Content/EngineMaterials/MiniFont.uasset" 198
"../../../Engine/Content/EngineMaterials/InvalidLightmapSettings.uasset" 199
"../../../Engine/Content/EngineMaterials/M_InvalidLightmapSettings.uasset" 200
"../../../Engine/Content/Functions/Engine_MaterialFunctions02/WorldPositionOffset/CameraOffset.uasset" 201
"../../../Engine/Content/EngineMaterials/PhAT_JointLimitMaterial.uasset" 202
"../../../Engine/Content/EngineMaterials/PreintegratedSkinBRDF.uasset" 203
"../../../Engine/Content/EngineMaterials/RemoveSurfaceMaterial.uasset" 204
"../../../Engine/Content/EngineMaterials/WeightMapPlaceholderTexture.uasset" 205
"../../../Engine/Content/EngineResources/WhiteSquareTexture.uasset" 206
"../../../Engine/Content/EngineMaterials/Widget3DPassThrough.uasset" 207
"../../../Engine/Content/EngineMaterials/Widget3DPassThrough_Masked.uasset" 208
"../../../Engine/Content/EngineMaterials/Widget3DPassThrough_Opaque.uasset" 209
"../../../Engine/Content/EngineMaterials/Widget3DPassThrough_Masked_OneSided.uasset" 210
"../../../Engine/Content/EngineMaterials/Widget3DPassThrough_Opaque_OneSided.uasset" 211
"../../../Engine/Content/EngineMaterials/Widget3DPassThrough_Translucent.uasset" 212
"../../../Engine/Content/EngineMaterials/Widget3DPassThrough_Translucent_OneSided.uasset" 213
"../../../Engine/Content/EngineMeshes/Cube.uasset" 214
"../../../Engine/Content/EngineMeshes/Cylinder.uasset" 215
"../../../Engine/Content/EngineResources/Black.uasset" 216
"../../../Engine/Content/EngineResources/DefaultTextureCube.uasset" 217
"../../../Engine/Content/EngineResources/DefaultVolumeTexture2D.uasset" 218
"../../../Engine/Content/EngineResources/DefaultVolumeTexture.uasset" 219
"../../../Engine/Content/EngineResources/GradientTexture0.uasset" 220
"../../../Engine/Content/EngineSky/VolumetricClouds/T_NoiseShape64.uasset" 221
"../../../Engine/Content/EngineSky/VolumetricClouds/T_VolumeNoiseShape64.uasset" 222
"../../../Engine/Content/EngineSky/VolumetricClouds/T_NoiseErosion.uasset" 223
"../../../Engine/Content/EngineSky/VolumetricClouds/T_VolumeNoiseErosion32.uasset" 224
"../../../Engine/Content/EngineSky/VolumetricClouds/CloudWeatherTexture.uasset" 225
"../../../Engine/Content/EngineSky/VolumetricClouds/CloudGradientTexture.uasset" 226
"../../../Engine/Content/EngineSky/VolumetricClouds/m_SimpleVolumetricCloud.uasset" 227
"../../../Engine/Content/EngineSky/VolumetricClouds/m_SimpleVolumetricCloud_Inst.uasset" 228
"../../../Engine/Content/Functions/Engine_MaterialFunctions01/Shading/PowerToRoughness.uasset" 229
"../../../Engine/Content/Maps/Templates/Thumbnails/Default.uasset" 230
"../../../Engine/Content/Maps/Templates/Thumbnails/TimeOfDay.uasset" 231
"../../../Engine/Content/Maps/Templates/Thumbnails/VR-Basic.uasset" 232
"../../../Engine/Content/MobileResources/T_MobileControls_texture.uasset" 233
"../../../Engine/Content/MobileResources/T_MobileMenu2.uasset" 234
"../../../Engine/Content/MobileResources/HUD/AnalogHat.uasset" 235
"../../../Engine/Content/MobileResources/HUD/VirtualJoystick_Thumb.uasset" 236
"../../../Engine/Content/MobileResources/HUD/VirtualJoystick_Background.uasset" 237
"../../../Engine/Content/MobileResources/HUD/DefaultVirtualJoysticks.uasset" 238
"../../../Engine/Content/MobileResources/HUD/LeftVirtualJoystickOnly.uasset" 239
"../../../Engine/Content/MobileResources/HUD/MobileHUDButton1_off.uasset" 240
"../../../Engine/Content/MobileResources/HUD/MobileHUDButton1_on.uasset" 241
"../../../Engine/Content/MobileResources/HUD/MobileHUDButton2_off.uasset" 242
"../../../Engine/Content/MobileResources/HUD/MobileHUDButton2_on.uasset" 243
"../../../Engine/Content/MobileResources/HUD/MobileHUDButton3.uasset" 244
"../../../Engine/Content/MobileResources/HUD/MobileHUDButtonFire.uasset" 245
"../../../Engine/Content/MobileResources/HUD/MobileHUDDirectionPad.uasset" 246
"../../../Engine/Content/MobileResources/HUD/MobileHUDDirectionPad2.uasset" 247
"../../../Engine/Content/MobileResources/HUD/MobileHUDDirectionPad3.uasset" 248
"../../../Engine/Content/MobileResources/HUD/MobileHUDDirectionStick.uasset" 249
"../../../Engine/Content/MobileResources/HUD/T_Castle_ThumbstickInner.uasset" 250
"../../../Engine/Content/MobileResources/HUD/T_Castle_ThumbstickOutter.uasset" 251
"../../../Engine/Content/Tutorial/ContentIntroCurve.uasset" 252
"../../../Engine/Content/Tutorial/Basics/LevelEditorAttract.uasset" 253
"../../../Engine/Content/Tutorial/Basics/TutorialAssets/icon_tab_Levels_40x.uasset" 254
"../../../Engine/Content/Tutorial/Basics/LevelEditorOverview.uasset" 255
"../../../Engine/Content/Tutorial/BlueprintTutorials/TutorialAssets/Blueprint_64x.uasset" 256
"../../../Engine/Content/Tutorial/BlueprintTutorials/BlueprintEditorTutorial.uasset" 257
"../../../Engine/Content/Tutorial/BlueprintTutorials/LevelBlueprintEditorOverview.uasset" 258
"../../../Engine/Content/Tutorial/Code/AddingCode.uasset" 259
"../../../Engine/Content/Tutorial/Installation/InstallingVisualStudioTutorial.uasset" 260
"../../../Engine/Content/Tutorial/Landscape/TutorialAssets/Landscape.uasset" 261
"../../../Engine/Content/Tutorial/Landscape/LandscapeWalkThrough.uasset" 262
"../../../Engine/Content/Tutorial/Landscape/Landscape_Manage_Mode.uasset" 263
"../../../Engine/Content/Tutorial/Landscape/Landscape_Painting_Mode.uasset" 264
"../../../Engine/Content/Tutorial/Landscape/Landscape_Sculpt_Mode.uasset" 265
"../../../Engine/Content/Tutorial/SubEditors/MaterialEditorTutorial.uasset" 266
"../../../Engine/Content/Tutorial/SubEditors/TutorialAssets/icon_ShowSkeletalMeshes_40x.uasset" 267
"../../../Engine/Content/Tutorial/SubEditors/PersonaAnimBlueprintEditorWalkthrough.uasset" 268
"../../../Engine/Content/Tutorial/SubEditors/PersonaAnimEditorWalkthrough.uasset" 269
"../../../Engine/Content/Tutorial/SubEditors/PersonaWalkthrough.uasset" 270
"../../../Engine/Content/Tutorial/SubEditors/SkeletalMeshEditorWalkthrough.uasset" 271
"../../../Engine/Content/Tutorial/SubEditors/SkeletonModeWalkthrough.uasset" 272
"../../../Engine/Content/Tutorial/SubEditors/StaticMeshEditorTutorial.uasset" 273
"../../../Engine/Content/Tutorial/SubEditors/TutorialAssets/TutorialMaterial.uasset" 274
"../../../Engine/Content/VREditor/TransformGizmo/TranslucentTransformGizmoMaterial.uasset" 275
"../../../Engine/Content/VREditor/LaserPointer/VR_LaserPower_01.uasset" 276
"../../../Engine/Content/VREditor/TransformGizmo/TransformGizmoMaterial.uasset" 277
"../../../Engine/Content/VREditor/TransformGizmo/BoundingBoxCorner.uasset" 278
"../../../Engine/Content/VREditor/TransformGizmo/BoundingBoxEdge.uasset" 279
"../../../Engine/Content/VREditor/TransformGizmo/PlaneTranslationHandle.uasset" 280
"../../../Engine/Content/VREditor/TransformGizmo/Xray.uasset" 281
"../../../Engine/Content/VREditor/TransformGizmo/Main.uasset" 282
"../../../Engine/Content/VREditor/TransformGizmo/SM_Sequencer_Key.uasset" 283
"../../../Engine/Content/VREditor/TransformGizmo/SM_Sequencer_Node.uasset" 284
"../../Plugins/2D/Paper2D/Content/PlaceholderTextures/DummySpriteTexture.uasset" 285
"../../Plugins/2D/Paper2D/Content/DummySprite.uasset" 286
"../../Plugins/2D/Paper2D/Content/DefaultPaperTerrainMaterial.uasset" 287
"../../Plugins/2D/Paper2D/Content/DefaultSpriteMaterial.uasset" 288
"../../Plugins/2D/Paper2D/Content/MaskedUnlitSpriteMaterial.uasset" 289
"../../Plugins/2D/Paper2D/Content/OpaqueUnlitSpriteMaterial.uasset" 290
"../../../Engine/Content/Functions/Engine_MaterialFunctions02/Utility/BreakOutFloat3Components.uasset" 291
"../../Plugins/Editor/SpeedTreeImporter/Content/SpeedTree9/UnpackInteger3.uasset" 292
"../../Plugins/Editor/SpeedTreeImporter/Content/SpeedTree9/UnpackDirection.uasset" 293
"../../Plugins/Editor/SpeedTreeImporter/Content/SpeedTree9/game_wind_noise.uasset" 294
"../../../Engine/Content/Functions/Engine_MaterialFunctions02/SafeNormalize.uasset" 295
"../../Plugins/Editor/SpeedTreeImporter/Content/SpeedTree9/SpeedTreeWindMotion.uasset" 296
"../../Plugins/Editor/SpeedTreeImporter/Content/SpeedTree9/SpeedTreeBranchMotion.uasset" 297
"../../../Engine/Content/Functions/Engine_MaterialFunctions02/ObjectLocalBounds.uasset" 298
"../../../Engine/Content/Functions/Engine_MaterialFunctions02/UVs/BoundingBoxBased_0-1_UVW.uasset" 299
"../../Plugins/Editor/SpeedTreeImporter/Content/SpeedTree9/SpeedTreeWind.uasset" 300
"../../Plugins/Editor/SpeedTreeImporter/Content/SpeedTree9/SpeedTreeBillboard.uasset" 301
"../../../Engine/Content/EngineResources/DefaultTexture.uasset" 302
"../../Plugins/Editor/SpeedTreeImporter/Content/SpeedTree9/SpeedTreeBillboardMaster.uasset" 303
"../../Plugins/Editor/SpeedTreeImporter/Content/SpeedTree9/SpeedTreeCameraFacing.uasset" 304
"../../Plugins/Editor/SpeedTreeImporter/Content/SpeedTree9/SpeedTreeMaster.uasset" 305
"../../../Engine/Content/ArtTools/RenderToTexture/Materials/Debug/M_Emissive_Color.uasset" 306
"../../Plugins/Lumin/MagicLeapPassableWorld/Content/MagicLeapARPinInfoActor.uasset" 307
"../../../Engine/Content/Functions/Engine_MaterialFunctions02/Utility/BreakOutFloat4Components.uasset" 308
"../../../Engine/Content/Functions/Engine_MaterialFunctions02/Utility/MakeFloat3.uasset" 309
"../../Plugins/Runtime/Oculus/OculusVR/Content/Materials/OculusMR_ChromaKey.uasset" 310
"../../Plugins/Runtime/Oculus/OculusVR/Content/Materials/OculusMR_OpaqueColoredMaterial.uasset" 311
"../../Plugins/Runtime/Oculus/OculusVR/Content/Materials/PokeAHoleMaterial.uasset" 312
"../../../../../UE4-Arcade/Content/MobileStarterContent/Materials/M_Basic_Wall.uasset" 313
"../../../../../UE4-Arcade/Content/MobileStarterContent/Shapes/Shape_Plane.uasset" 314
"../../../Engine/Content/EngineSounds/Master.uasset" 315
"../../../Engine/Content/EngineSounds/Music.uasset" 316
"../../../../../UE4-Arcade/Content/Assets/Audio/Ambient/Infinity_Space__online-audio-converter_com_.uasset" 317
"../../../../../UE4-Arcade/Content/Assets/Audio/Ambient/Infinity_Space.uasset" 318
"../../../Engine/Content/Engine_MI_Shaders/T_Cubemap_01.uasset" 319
"../../../Engine/Content/Functions/Engine_MaterialFunctions02/Math/AddComponents.uasset" 320
"../../../../../UE4-Arcade/Content/Material/Post_Proces/Comics.uasset" 321
"../../../../../UE4-Arcade/Content/Material/Post_Proces/Comics_Inst.uasset" 322
"../../../Engine/Content/Functions/Engine_MaterialFunctions01/Gradient/LinearGradient.uasset" 323
"../../../Engine/Content/Functions/Engine_MaterialFunctions01/ImageAdjustment/CheapContrast.uasset" 324
"../../../Engine/Content/Functions/Engine_MaterialFunctions01/Texturing/WorldAlignedTexture.uasset" 325
"../../../../../UE4-Arcade/Content/Assets/Texture/MobileStarterContent/Radar_Square2.uasset" 326
"../../../../../UE4-Arcade/Content/Assets/Texture/MobileStarterContent/Radar_Square.uasset" 327
"../../../../../UE4-Arcade/Content/Material/Post_Proces/LoSSVision.uasset" 328
"../../../Engine/Content/EngineDebugMaterials/DebugEditorMaterial.uasset" 329
"../../../../../UE4-Arcade/Content/Maps/Game_Map2_BuiltData.uasset" 330
"../../../../../UE4-Arcade/Content/BP/Bonuses/BP_TeleportPoints2.uasset" 331
"../../../../../UE4-Arcade/Content/BP/Enemies/Meteor-Teleport/BP_Meteor1.uasset" 332
"../../../../../UE4-Arcade/Content/BP/GameMode/BP_ArcadeGameModeBase1.uasset" 333
"../../../../../UE4-Arcade/Content/Maps/Game_Map2.umap" 334
"../../../Engine/Content/VREditor/Sounds/UI/Floating_UI_Close.uasset" 335
"../../../Engine/Content/VREditor/Sounds/UI/Drop_Item_From_ContentBrowser.uasset" 336
"../../../Engine/Content/VREditor/Sounds/UI/Dockable_Window_Pick_Up.uasset" 337
"../../../Engine/Content/VREditor/Sounds/UI/Dockable_Window_Close.uasset" 338
"../../../../../UE4-Arcade/Content/BP/HUD/Main_Menu/HighresScreenshot00000.uasset" 339
"../../../../../UE4-Arcade/Content/BP/HUD/Main_Menu/W_MainMenu.uasset" 340
"../../../../../UE4-Arcade/Content/Assets/Audio/Ambient/muzyka-kosmosa-muzyka-kosmosa__online-audio-converter_com_.uasset" 341
"../../../../../UE4-Arcade/Content/Maps/Main_Menu_BuiltData.uasset" 342
"../../../../../UE4-Arcade/Content/BP/GameMode/BP_MainMenu.uasset" 343
"../../../../../UE4-Arcade/Content/Maps/Main_Menu.umap" 344
"../../../Engine/Content/MapTemplates/Sky/SunsetAmbientCubemap.uasset" 345
"../../../Engine/Content/BasicShapes/Plane.uasset" 346
"../../../../../UE4-Arcade/Content/Assets/Texture/MobileStarterContent/Textures/T_Smoke_Tiled_D.uasset" 347
"../../../../../UE4-Arcade/Content/Assets/Texture/MobileStarterContent/Textures/T_Sky_Stars.uasset" 348
"../../../../../UE4-Arcade/Content/Material/Post_Proces/Spase.uasset" 349
"../../../../../UE4-Arcade/Content/Maps/Game_Map_BuiltData.uasset" 350
"../../../../../UE4-Arcade/Content/Maps/Game_Map.umap" 351
"../../../Engine/Content/Maps/Entry_BuiltData.uasset" 352
"../../../Engine/Content/Maps/Entry.umap" 353
